

Started GET "/" for 127.0.0.1 at 2015-11-16 18:26:43 +0000
Processing by Rails::WelcomeController#index as HTML
  Rendered /home/chiamaka/.rvm/gems/ruby-2.2.3/gems/railties-4.2.4/lib/rails/templates/rails/welcome/index.html.erb (1.6ms)
Completed 200 OK in 9ms (Views: 7.8ms | ActiveRecord: 0.0ms)


Started GET "/" for 127.0.0.1 at 2015-11-16 18:27:04 +0000
Processing by Rails::WelcomeController#index as HTML
  Rendered /home/chiamaka/.rvm/gems/ruby-2.2.3/gems/railties-4.2.4/lib/rails/templates/rails/welcome/index.html.erb (0.1ms)
Completed 200 OK in 3ms (Views: 2.3ms | ActiveRecord: 0.0ms)


Started GET "/" for 127.0.0.1 at 2015-11-16 18:27:39 +0000
Processing by TransactionsController#index as HTML
  [1m[36mTransaction Load (0.6ms)[0m  [1mSELECT "transactions".* FROM "transactions"  ORDER BY created_at DESC[0m
Completed 200 OK in 24ms (Views: 17.6ms | ActiveRecord: 1.6ms)


Started GET "/" for 127.0.0.1 at 2015-11-16 18:28:06 +0000
Processing by TransactionsController#index as HTML
  [1m[35mTransaction Load (0.7ms)[0m  SELECT "transactions".* FROM "transactions"  ORDER BY created_at DESC
Completed 200 OK in 18ms (Views: 12.3ms | ActiveRecord: 1.2ms)


Started GET "/" for 127.0.0.1 at 2015-11-16 18:28:23 +0000

SyntaxError (/home/chiamaka/rails-workspace/control/app/controllers/transactions_controller.rb:6: syntax error, unexpected ':', expecting keyword_end
    render :json: @transactions
                 ^):
  app/controllers/transactions_controller.rb:6: syntax error, unexpected ':', expecting keyword_end


  Rendered /home/chiamaka/.rvm/gems/ruby-2.2.3/gems/actionpack-4.2.4/lib/action_dispatch/middleware/templates/rescues/_source.erb (7.2ms)
  Rendered /home/chiamaka/.rvm/gems/ruby-2.2.3/gems/actionpack-4.2.4/lib/action_dispatch/middleware/templates/rescues/_trace.html.erb (3.3ms)
  Rendered /home/chiamaka/.rvm/gems/ruby-2.2.3/gems/actionpack-4.2.4/lib/action_dispatch/middleware/templates/rescues/_request_and_response.html.erb (2.0ms)
  Rendered /home/chiamaka/.rvm/gems/ruby-2.2.3/gems/actionpack-4.2.4/lib/action_dispatch/middleware/templates/rescues/diagnostics.html.erb within rescues/layout (34.8ms)
  Rendered /home/chiamaka/.rvm/gems/ruby-2.2.3/gems/web-console-2.2.1/lib/web_console/templates/_markup.html.erb (0.7ms)
  Rendered /home/chiamaka/.rvm/gems/ruby-2.2.3/gems/web-console-2.2.1/lib/web_console/templates/_inner_console_markup.html.erb within layouts/inlined_string (0.5ms)
  Rendered /home/chiamaka/.rvm/gems/ruby-2.2.3/gems/web-console-2.2.1/lib/web_console/templates/_prompt_box_markup.html.erb within layouts/inlined_string (0.9ms)
  Rendered /home/chiamaka/.rvm/gems/ruby-2.2.3/gems/web-console-2.2.1/lib/web_console/templates/style.css.erb within layouts/inlined_string (0.6ms)
  Rendered /home/chiamaka/.rvm/gems/ruby-2.2.3/gems/web-console-2.2.1/lib/web_console/templates/console.js.erb within layouts/javascript (25.8ms)
  Rendered /home/chiamaka/.rvm/gems/ruby-2.2.3/gems/web-console-2.2.1/lib/web_console/templates/main.js.erb within layouts/javascript (0.4ms)
  Rendered /home/chiamaka/.rvm/gems/ruby-2.2.3/gems/web-console-2.2.1/lib/web_console/templates/error_page.js.erb within layouts/javascript (0.6ms)
  Rendered /home/chiamaka/.rvm/gems/ruby-2.2.3/gems/web-console-2.2.1/lib/web_console/templates/index.html.erb (55.5ms)


Started GET "/" for 127.0.0.1 at 2015-11-16 18:28:32 +0000
Processing by TransactionsController#index as HTML
  [1m[36mTransaction Load (0.6ms)[0m  [1mSELECT "transactions".* FROM "transactions"  ORDER BY created_at DESC[0m
Completed 200 OK in 15ms (Views: 9.8ms | ActiveRecord: 1.1ms)


Started GET "/" for 127.0.0.1 at 2015-11-16 18:31:36 +0000
Processing by TransactionsController#index as */*
  [1m[35mTransaction Load (0.3ms)[0m  SELECT "transactions".* FROM "transactions"  ORDER BY created_at DESC
Completed 200 OK in 3ms (Views: 2.2ms | ActiveRecord: 0.3ms)


Started GET "/" for 127.0.0.1 at 2015-11-16 18:41:20 +0000
Processing by TransactionsController#index as */*
  [1m[36mTransaction Load (0.6ms)[0m  [1mSELECT "transactions".* FROM "transactions"  ORDER BY created_at DESC[0m
Completed 200 OK in 17ms (Views: 12.4ms | ActiveRecord: 1.3ms)


Started GET "/citizens" for 127.0.0.1 at 2015-11-17 07:56:57 +0000
  [1m[36mActiveRecord::SchemaMigration Load (0.2ms)[0m  [1mSELECT "schema_migrations".* FROM "schema_migrations"[0m

ActionController::RoutingError (No route matches [GET] "/citizens"):
  actionpack (4.2.4) lib/action_dispatch/middleware/debug_exceptions.rb:21:in `call'
  web-console (2.2.1) lib/web_console/middleware.rb:39:in `call'
  actionpack (4.2.4) lib/action_dispatch/middleware/show_exceptions.rb:30:in `call'
  railties (4.2.4) lib/rails/rack/logger.rb:38:in `call_app'
  railties (4.2.4) lib/rails/rack/logger.rb:20:in `block in call'
  activesupport (4.2.4) lib/active_support/tagged_logging.rb:68:in `block in tagged'
  activesupport (4.2.4) lib/active_support/tagged_logging.rb:26:in `tagged'
  activesupport (4.2.4) lib/active_support/tagged_logging.rb:68:in `tagged'
  railties (4.2.4) lib/rails/rack/logger.rb:20:in `call'
  actionpack (4.2.4) lib/action_dispatch/middleware/request_id.rb:21:in `call'
  rack (1.6.4) lib/rack/methodoverride.rb:22:in `call'
  rack (1.6.4) lib/rack/runtime.rb:18:in `call'
  activesupport (4.2.4) lib/active_support/cache/strategy/local_cache_middleware.rb:28:in `call'
  rack (1.6.4) lib/rack/lock.rb:17:in `call'
  actionpack (4.2.4) lib/action_dispatch/middleware/static.rb:116:in `call'
  rack (1.6.4) lib/rack/sendfile.rb:113:in `call'
  railties (4.2.4) lib/rails/engine.rb:518:in `call'
  railties (4.2.4) lib/rails/application.rb:165:in `call'
  rack (1.6.4) lib/rack/lock.rb:17:in `call'
  rack (1.6.4) lib/rack/content_length.rb:15:in `call'
  rack (1.6.4) lib/rack/handler/webrick.rb:88:in `service'
  /home/chiamaka/.rvm/rubies/ruby-2.2.3/lib/ruby/2.2.0/webrick/httpserver.rb:138:in `service'
  /home/chiamaka/.rvm/rubies/ruby-2.2.3/lib/ruby/2.2.0/webrick/httpserver.rb:94:in `run'
  /home/chiamaka/.rvm/rubies/ruby-2.2.3/lib/ruby/2.2.0/webrick/server.rb:294:in `block in start_thread'


  Rendered /home/chiamaka/.rvm/gems/ruby-2.2.3/gems/actionpack-4.2.4/lib/action_dispatch/middleware/templates/rescues/_trace.html.erb (2.2ms)
  Rendered /home/chiamaka/.rvm/gems/ruby-2.2.3/gems/actionpack-4.2.4/lib/action_dispatch/middleware/templates/routes/_route.html.erb (4.6ms)
  Rendered /home/chiamaka/.rvm/gems/ruby-2.2.3/gems/actionpack-4.2.4/lib/action_dispatch/middleware/templates/routes/_table.html.erb (25.9ms)
  Rendered /home/chiamaka/.rvm/gems/ruby-2.2.3/gems/actionpack-4.2.4/lib/action_dispatch/middleware/templates/rescues/_request_and_response.html.erb (27.9ms)
  Rendered /home/chiamaka/.rvm/gems/ruby-2.2.3/gems/actionpack-4.2.4/lib/action_dispatch/middleware/templates/rescues/routing_error.html.erb within rescues/layout (119.2ms)
  Rendered /home/chiamaka/.rvm/gems/ruby-2.2.3/gems/web-console-2.2.1/lib/web_console/templates/_markup.html.erb (0.4ms)
  Rendered /home/chiamaka/.rvm/gems/ruby-2.2.3/gems/web-console-2.2.1/lib/web_console/templates/_inner_console_markup.html.erb within layouts/inlined_string (0.5ms)
  Rendered /home/chiamaka/.rvm/gems/ruby-2.2.3/gems/web-console-2.2.1/lib/web_console/templates/_prompt_box_markup.html.erb within layouts/inlined_string (0.4ms)
  Rendered /home/chiamaka/.rvm/gems/ruby-2.2.3/gems/web-console-2.2.1/lib/web_console/templates/style.css.erb within layouts/inlined_string (0.6ms)
  Rendered /home/chiamaka/.rvm/gems/ruby-2.2.3/gems/web-console-2.2.1/lib/web_console/templates/console.js.erb within layouts/javascript (30.9ms)
  Rendered /home/chiamaka/.rvm/gems/ruby-2.2.3/gems/web-console-2.2.1/lib/web_console/templates/main.js.erb within layouts/javascript (0.7ms)
  Rendered /home/chiamaka/.rvm/gems/ruby-2.2.3/gems/web-console-2.2.1/lib/web_console/templates/error_page.js.erb within layouts/javascript (0.7ms)
  Rendered /home/chiamaka/.rvm/gems/ruby-2.2.3/gems/web-console-2.2.1/lib/web_console/templates/index.html.erb (56.7ms)


Started GET "/citizens/list" for 127.0.0.1 at 2015-11-17 07:57:01 +0000

ActionController::RoutingError (No route matches [GET] "/citizens/list"):
  actionpack (4.2.4) lib/action_dispatch/middleware/debug_exceptions.rb:21:in `call'
  web-console (2.2.1) lib/web_console/middleware.rb:39:in `call'
  actionpack (4.2.4) lib/action_dispatch/middleware/show_exceptions.rb:30:in `call'
  railties (4.2.4) lib/rails/rack/logger.rb:38:in `call_app'
  railties (4.2.4) lib/rails/rack/logger.rb:20:in `block in call'
  activesupport (4.2.4) lib/active_support/tagged_logging.rb:68:in `block in tagged'
  activesupport (4.2.4) lib/active_support/tagged_logging.rb:26:in `tagged'
  activesupport (4.2.4) lib/active_support/tagged_logging.rb:68:in `tagged'
  railties (4.2.4) lib/rails/rack/logger.rb:20:in `call'
  actionpack (4.2.4) lib/action_dispatch/middleware/request_id.rb:21:in `call'
  rack (1.6.4) lib/rack/methodoverride.rb:22:in `call'
  rack (1.6.4) lib/rack/runtime.rb:18:in `call'
  activesupport (4.2.4) lib/active_support/cache/strategy/local_cache_middleware.rb:28:in `call'
  rack (1.6.4) lib/rack/lock.rb:17:in `call'
  actionpack (4.2.4) lib/action_dispatch/middleware/static.rb:116:in `call'
  rack (1.6.4) lib/rack/sendfile.rb:113:in `call'
  railties (4.2.4) lib/rails/engine.rb:518:in `call'
  railties (4.2.4) lib/rails/application.rb:165:in `call'
  rack (1.6.4) lib/rack/lock.rb:17:in `call'
  rack (1.6.4) lib/rack/content_length.rb:15:in `call'
  rack (1.6.4) lib/rack/handler/webrick.rb:88:in `service'
  /home/chiamaka/.rvm/rubies/ruby-2.2.3/lib/ruby/2.2.0/webrick/httpserver.rb:138:in `service'
  /home/chiamaka/.rvm/rubies/ruby-2.2.3/lib/ruby/2.2.0/webrick/httpserver.rb:94:in `run'
  /home/chiamaka/.rvm/rubies/ruby-2.2.3/lib/ruby/2.2.0/webrick/server.rb:294:in `block in start_thread'


  Rendered /home/chiamaka/.rvm/gems/ruby-2.2.3/gems/actionpack-4.2.4/lib/action_dispatch/middleware/templates/rescues/_trace.html.erb (2.6ms)
  Rendered /home/chiamaka/.rvm/gems/ruby-2.2.3/gems/actionpack-4.2.4/lib/action_dispatch/middleware/templates/routes/_route.html.erb (3.1ms)
  Rendered /home/chiamaka/.rvm/gems/ruby-2.2.3/gems/actionpack-4.2.4/lib/action_dispatch/middleware/templates/routes/_table.html.erb (2.1ms)
  Rendered /home/chiamaka/.rvm/gems/ruby-2.2.3/gems/actionpack-4.2.4/lib/action_dispatch/middleware/templates/rescues/_request_and_response.html.erb (4.1ms)
  Rendered /home/chiamaka/.rvm/gems/ruby-2.2.3/gems/actionpack-4.2.4/lib/action_dispatch/middleware/templates/rescues/routing_error.html.erb within rescues/layout (54.8ms)
  Rendered /home/chiamaka/.rvm/gems/ruby-2.2.3/gems/web-console-2.2.1/lib/web_console/templates/_markup.html.erb (0.6ms)
  Rendered /home/chiamaka/.rvm/gems/ruby-2.2.3/gems/web-console-2.2.1/lib/web_console/templates/_inner_console_markup.html.erb within layouts/inlined_string (0.7ms)
  Rendered /home/chiamaka/.rvm/gems/ruby-2.2.3/gems/web-console-2.2.1/lib/web_console/templates/_prompt_box_markup.html.erb within layouts/inlined_string (0.5ms)
  Rendered /home/chiamaka/.rvm/gems/ruby-2.2.3/gems/web-console-2.2.1/lib/web_console/templates/style.css.erb within layouts/inlined_string (0.5ms)
  Rendered /home/chiamaka/.rvm/gems/ruby-2.2.3/gems/web-console-2.2.1/lib/web_console/templates/console.js.erb within layouts/javascript (25.2ms)
  Rendered /home/chiamaka/.rvm/gems/ruby-2.2.3/gems/web-console-2.2.1/lib/web_console/templates/main.js.erb within layouts/javascript (0.4ms)
  Rendered /home/chiamaka/.rvm/gems/ruby-2.2.3/gems/web-console-2.2.1/lib/web_console/templates/error_page.js.erb within layouts/javascript (1.8ms)
  Rendered /home/chiamaka/.rvm/gems/ruby-2.2.3/gems/web-console-2.2.1/lib/web_console/templates/index.html.erb (49.8ms)


Started GET "/citizens_list" for 127.0.0.1 at 2015-11-17 07:57:22 +0000

ActionController::RoutingError (No route matches [GET] "/citizens_list"):
  actionpack (4.2.4) lib/action_dispatch/middleware/debug_exceptions.rb:21:in `call'
  web-console (2.2.1) lib/web_console/middleware.rb:39:in `call'
  actionpack (4.2.4) lib/action_dispatch/middleware/show_exceptions.rb:30:in `call'
  railties (4.2.4) lib/rails/rack/logger.rb:38:in `call_app'
  railties (4.2.4) lib/rails/rack/logger.rb:20:in `block in call'
  activesupport (4.2.4) lib/active_support/tagged_logging.rb:68:in `block in tagged'
  activesupport (4.2.4) lib/active_support/tagged_logging.rb:26:in `tagged'
  activesupport (4.2.4) lib/active_support/tagged_logging.rb:68:in `tagged'
  railties (4.2.4) lib/rails/rack/logger.rb:20:in `call'
  actionpack (4.2.4) lib/action_dispatch/middleware/request_id.rb:21:in `call'
  rack (1.6.4) lib/rack/methodoverride.rb:22:in `call'
  rack (1.6.4) lib/rack/runtime.rb:18:in `call'
  activesupport (4.2.4) lib/active_support/cache/strategy/local_cache_middleware.rb:28:in `call'
  rack (1.6.4) lib/rack/lock.rb:17:in `call'
  actionpack (4.2.4) lib/action_dispatch/middleware/static.rb:116:in `call'
  rack (1.6.4) lib/rack/sendfile.rb:113:in `call'
  railties (4.2.4) lib/rails/engine.rb:518:in `call'
  railties (4.2.4) lib/rails/application.rb:165:in `call'
  rack (1.6.4) lib/rack/lock.rb:17:in `call'
  rack (1.6.4) lib/rack/content_length.rb:15:in `call'
  rack (1.6.4) lib/rack/handler/webrick.rb:88:in `service'
  /home/chiamaka/.rvm/rubies/ruby-2.2.3/lib/ruby/2.2.0/webrick/httpserver.rb:138:in `service'
  /home/chiamaka/.rvm/rubies/ruby-2.2.3/lib/ruby/2.2.0/webrick/httpserver.rb:94:in `run'
  /home/chiamaka/.rvm/rubies/ruby-2.2.3/lib/ruby/2.2.0/webrick/server.rb:294:in `block in start_thread'


  Rendered /home/chiamaka/.rvm/gems/ruby-2.2.3/gems/actionpack-4.2.4/lib/action_dispatch/middleware/templates/rescues/_trace.html.erb (2.4ms)
  Rendered /home/chiamaka/.rvm/gems/ruby-2.2.3/gems/actionpack-4.2.4/lib/action_dispatch/middleware/templates/routes/_route.html.erb (3.2ms)
  Rendered /home/chiamaka/.rvm/gems/ruby-2.2.3/gems/actionpack-4.2.4/lib/action_dispatch/middleware/templates/routes/_table.html.erb (2.2ms)
  Rendered /home/chiamaka/.rvm/gems/ruby-2.2.3/gems/actionpack-4.2.4/lib/action_dispatch/middleware/templates/rescues/_request_and_response.html.erb (2.1ms)
  Rendered /home/chiamaka/.rvm/gems/ruby-2.2.3/gems/actionpack-4.2.4/lib/action_dispatch/middleware/templates/rescues/routing_error.html.erb within rescues/layout (46.5ms)
  Rendered /home/chiamaka/.rvm/gems/ruby-2.2.3/gems/web-console-2.2.1/lib/web_console/templates/_markup.html.erb (0.5ms)
  Rendered /home/chiamaka/.rvm/gems/ruby-2.2.3/gems/web-console-2.2.1/lib/web_console/templates/_inner_console_markup.html.erb within layouts/inlined_string (0.6ms)
  Rendered /home/chiamaka/.rvm/gems/ruby-2.2.3/gems/web-console-2.2.1/lib/web_console/templates/_prompt_box_markup.html.erb within layouts/inlined_string (0.4ms)
  Rendered /home/chiamaka/.rvm/gems/ruby-2.2.3/gems/web-console-2.2.1/lib/web_console/templates/style.css.erb within layouts/inlined_string (0.5ms)
  Rendered /home/chiamaka/.rvm/gems/ruby-2.2.3/gems/web-console-2.2.1/lib/web_console/templates/console.js.erb within layouts/javascript (23.5ms)
  Rendered /home/chiamaka/.rvm/gems/ruby-2.2.3/gems/web-console-2.2.1/lib/web_console/templates/main.js.erb within layouts/javascript (0.5ms)
  Rendered /home/chiamaka/.rvm/gems/ruby-2.2.3/gems/web-console-2.2.1/lib/web_console/templates/error_page.js.erb within layouts/javascript (0.7ms)
  Rendered /home/chiamaka/.rvm/gems/ruby-2.2.3/gems/web-console-2.2.1/lib/web_console/templates/index.html.erb (47.7ms)


Started GET "/citizen_list" for 127.0.0.1 at 2015-11-17 07:58:01 +0000

ActionController::RoutingError (No route matches [GET] "/citizen_list"):
  actionpack (4.2.4) lib/action_dispatch/middleware/debug_exceptions.rb:21:in `call'
  web-console (2.2.1) lib/web_console/middleware.rb:39:in `call'
  actionpack (4.2.4) lib/action_dispatch/middleware/show_exceptions.rb:30:in `call'
  railties (4.2.4) lib/rails/rack/logger.rb:38:in `call_app'
  railties (4.2.4) lib/rails/rack/logger.rb:20:in `block in call'
  activesupport (4.2.4) lib/active_support/tagged_logging.rb:68:in `block in tagged'
  activesupport (4.2.4) lib/active_support/tagged_logging.rb:26:in `tagged'
  activesupport (4.2.4) lib/active_support/tagged_logging.rb:68:in `tagged'
  railties (4.2.4) lib/rails/rack/logger.rb:20:in `call'
  actionpack (4.2.4) lib/action_dispatch/middleware/request_id.rb:21:in `call'
  rack (1.6.4) lib/rack/methodoverride.rb:22:in `call'
  rack (1.6.4) lib/rack/runtime.rb:18:in `call'
  activesupport (4.2.4) lib/active_support/cache/strategy/local_cache_middleware.rb:28:in `call'
  rack (1.6.4) lib/rack/lock.rb:17:in `call'
  actionpack (4.2.4) lib/action_dispatch/middleware/static.rb:116:in `call'
  rack (1.6.4) lib/rack/sendfile.rb:113:in `call'
  railties (4.2.4) lib/rails/engine.rb:518:in `call'
  railties (4.2.4) lib/rails/application.rb:165:in `call'
  rack (1.6.4) lib/rack/lock.rb:17:in `call'
  rack (1.6.4) lib/rack/content_length.rb:15:in `call'
  rack (1.6.4) lib/rack/handler/webrick.rb:88:in `service'
  /home/chiamaka/.rvm/rubies/ruby-2.2.3/lib/ruby/2.2.0/webrick/httpserver.rb:138:in `service'
  /home/chiamaka/.rvm/rubies/ruby-2.2.3/lib/ruby/2.2.0/webrick/httpserver.rb:94:in `run'
  /home/chiamaka/.rvm/rubies/ruby-2.2.3/lib/ruby/2.2.0/webrick/server.rb:294:in `block in start_thread'


  Rendered /home/chiamaka/.rvm/gems/ruby-2.2.3/gems/actionpack-4.2.4/lib/action_dispatch/middleware/templates/rescues/_trace.html.erb (2.8ms)
  Rendered /home/chiamaka/.rvm/gems/ruby-2.2.3/gems/actionpack-4.2.4/lib/action_dispatch/middleware/templates/routes/_route.html.erb (3.2ms)
  Rendered /home/chiamaka/.rvm/gems/ruby-2.2.3/gems/actionpack-4.2.4/lib/action_dispatch/middleware/templates/routes/_table.html.erb (2.0ms)
  Rendered /home/chiamaka/.rvm/gems/ruby-2.2.3/gems/actionpack-4.2.4/lib/action_dispatch/middleware/templates/rescues/_request_and_response.html.erb (2.1ms)
  Rendered /home/chiamaka/.rvm/gems/ruby-2.2.3/gems/actionpack-4.2.4/lib/action_dispatch/middleware/templates/rescues/routing_error.html.erb within rescues/layout (58.0ms)
  Rendered /home/chiamaka/.rvm/gems/ruby-2.2.3/gems/web-console-2.2.1/lib/web_console/templates/_markup.html.erb (0.6ms)
  Rendered /home/chiamaka/.rvm/gems/ruby-2.2.3/gems/web-console-2.2.1/lib/web_console/templates/_inner_console_markup.html.erb within layouts/inlined_string (1.0ms)
  Rendered /home/chiamaka/.rvm/gems/ruby-2.2.3/gems/web-console-2.2.1/lib/web_console/templates/_prompt_box_markup.html.erb within layouts/inlined_string (0.5ms)
  Rendered /home/chiamaka/.rvm/gems/ruby-2.2.3/gems/web-console-2.2.1/lib/web_console/templates/style.css.erb within layouts/inlined_string (0.5ms)
  Rendered /home/chiamaka/.rvm/gems/ruby-2.2.3/gems/web-console-2.2.1/lib/web_console/templates/console.js.erb within layouts/javascript (28.5ms)
  Rendered /home/chiamaka/.rvm/gems/ruby-2.2.3/gems/web-console-2.2.1/lib/web_console/templates/main.js.erb within layouts/javascript (0.5ms)
  Rendered /home/chiamaka/.rvm/gems/ruby-2.2.3/gems/web-console-2.2.1/lib/web_console/templates/error_page.js.erb within layouts/javascript (0.7ms)
  Rendered /home/chiamaka/.rvm/gems/ruby-2.2.3/gems/web-console-2.2.1/lib/web_console/templates/index.html.erb (54.9ms)


Started GET "/citizen/list/1" for 127.0.0.1 at 2015-11-17 07:58:10 +0000

ActionController::RoutingError (No route matches [GET] "/citizen/list/1"):
  actionpack (4.2.4) lib/action_dispatch/middleware/debug_exceptions.rb:21:in `call'
  web-console (2.2.1) lib/web_console/middleware.rb:39:in `call'
  actionpack (4.2.4) lib/action_dispatch/middleware/show_exceptions.rb:30:in `call'
  railties (4.2.4) lib/rails/rack/logger.rb:38:in `call_app'
  railties (4.2.4) lib/rails/rack/logger.rb:20:in `block in call'
  activesupport (4.2.4) lib/active_support/tagged_logging.rb:68:in `block in tagged'
  activesupport (4.2.4) lib/active_support/tagged_logging.rb:26:in `tagged'
  activesupport (4.2.4) lib/active_support/tagged_logging.rb:68:in `tagged'
  railties (4.2.4) lib/rails/rack/logger.rb:20:in `call'
  actionpack (4.2.4) lib/action_dispatch/middleware/request_id.rb:21:in `call'
  rack (1.6.4) lib/rack/methodoverride.rb:22:in `call'
  rack (1.6.4) lib/rack/runtime.rb:18:in `call'
  activesupport (4.2.4) lib/active_support/cache/strategy/local_cache_middleware.rb:28:in `call'
  rack (1.6.4) lib/rack/lock.rb:17:in `call'
  actionpack (4.2.4) lib/action_dispatch/middleware/static.rb:116:in `call'
  rack (1.6.4) lib/rack/sendfile.rb:113:in `call'
  railties (4.2.4) lib/rails/engine.rb:518:in `call'
  railties (4.2.4) lib/rails/application.rb:165:in `call'
  rack (1.6.4) lib/rack/lock.rb:17:in `call'
  rack (1.6.4) lib/rack/content_length.rb:15:in `call'
  rack (1.6.4) lib/rack/handler/webrick.rb:88:in `service'
  /home/chiamaka/.rvm/rubies/ruby-2.2.3/lib/ruby/2.2.0/webrick/httpserver.rb:138:in `service'
  /home/chiamaka/.rvm/rubies/ruby-2.2.3/lib/ruby/2.2.0/webrick/httpserver.rb:94:in `run'
  /home/chiamaka/.rvm/rubies/ruby-2.2.3/lib/ruby/2.2.0/webrick/server.rb:294:in `block in start_thread'


  Rendered /home/chiamaka/.rvm/gems/ruby-2.2.3/gems/actionpack-4.2.4/lib/action_dispatch/middleware/templates/rescues/_trace.html.erb (4.0ms)
  Rendered /home/chiamaka/.rvm/gems/ruby-2.2.3/gems/actionpack-4.2.4/lib/action_dispatch/middleware/templates/routes/_route.html.erb (3.1ms)
  Rendered /home/chiamaka/.rvm/gems/ruby-2.2.3/gems/actionpack-4.2.4/lib/action_dispatch/middleware/templates/routes/_table.html.erb (2.0ms)
  Rendered /home/chiamaka/.rvm/gems/ruby-2.2.3/gems/actionpack-4.2.4/lib/action_dispatch/middleware/templates/rescues/_request_and_response.html.erb (2.1ms)
  Rendered /home/chiamaka/.rvm/gems/ruby-2.2.3/gems/actionpack-4.2.4/lib/action_dispatch/middleware/templates/rescues/routing_error.html.erb within rescues/layout (50.7ms)
  Rendered /home/chiamaka/.rvm/gems/ruby-2.2.3/gems/web-console-2.2.1/lib/web_console/templates/_markup.html.erb (0.6ms)
  Rendered /home/chiamaka/.rvm/gems/ruby-2.2.3/gems/web-console-2.2.1/lib/web_console/templates/_inner_console_markup.html.erb within layouts/inlined_string (0.6ms)
  Rendered /home/chiamaka/.rvm/gems/ruby-2.2.3/gems/web-console-2.2.1/lib/web_console/templates/_prompt_box_markup.html.erb within layouts/inlined_string (0.6ms)
  Rendered /home/chiamaka/.rvm/gems/ruby-2.2.3/gems/web-console-2.2.1/lib/web_console/templates/style.css.erb within layouts/inlined_string (0.7ms)
  Rendered /home/chiamaka/.rvm/gems/ruby-2.2.3/gems/web-console-2.2.1/lib/web_console/templates/console.js.erb within layouts/javascript (29.3ms)
  Rendered /home/chiamaka/.rvm/gems/ruby-2.2.3/gems/web-console-2.2.1/lib/web_console/templates/main.js.erb within layouts/javascript (0.3ms)
  Rendered /home/chiamaka/.rvm/gems/ruby-2.2.3/gems/web-console-2.2.1/lib/web_console/templates/error_page.js.erb within layouts/javascript (0.6ms)
  Rendered /home/chiamaka/.rvm/gems/ruby-2.2.3/gems/web-console-2.2.1/lib/web_console/templates/index.html.erb (55.8ms)


Started GET "/citizen/list" for 127.0.0.1 at 2015-11-17 07:58:21 +0000
Processing by CitizenController#list as HTML
  Rendered citizen/list.html.erb within layouts/application (1.9ms)
Completed 200 OK in 455ms (Views: 394.3ms | ActiveRecord: 0.0ms)


Started GET "/citizen/new" for 127.0.0.1 at 2015-11-17 07:58:32 +0000
Processing by CitizenController#new as HTML
  Rendered citizen/new.html.erb within layouts/application (2.4ms)
Completed 200 OK in 83ms (Views: 71.0ms | ActiveRecord: 0.6ms)


Started GET "/citizens/new" for 127.0.0.1 at 2015-11-17 07:58:44 +0000

ActionController::RoutingError (No route matches [GET] "/citizens/new"):
  actionpack (4.2.4) lib/action_dispatch/middleware/debug_exceptions.rb:21:in `call'
  web-console (2.2.1) lib/web_console/middleware.rb:39:in `call'
  actionpack (4.2.4) lib/action_dispatch/middleware/show_exceptions.rb:30:in `call'
  railties (4.2.4) lib/rails/rack/logger.rb:38:in `call_app'
  railties (4.2.4) lib/rails/rack/logger.rb:20:in `block in call'
  activesupport (4.2.4) lib/active_support/tagged_logging.rb:68:in `block in tagged'
  activesupport (4.2.4) lib/active_support/tagged_logging.rb:26:in `tagged'
  activesupport (4.2.4) lib/active_support/tagged_logging.rb:68:in `tagged'
  railties (4.2.4) lib/rails/rack/logger.rb:20:in `call'
  actionpack (4.2.4) lib/action_dispatch/middleware/request_id.rb:21:in `call'
  rack (1.6.4) lib/rack/methodoverride.rb:22:in `call'
  rack (1.6.4) lib/rack/runtime.rb:18:in `call'
  activesupport (4.2.4) lib/active_support/cache/strategy/local_cache_middleware.rb:28:in `call'
  rack (1.6.4) lib/rack/lock.rb:17:in `call'
  actionpack (4.2.4) lib/action_dispatch/middleware/static.rb:116:in `call'
  rack (1.6.4) lib/rack/sendfile.rb:113:in `call'
  railties (4.2.4) lib/rails/engine.rb:518:in `call'
  railties (4.2.4) lib/rails/application.rb:165:in `call'
  rack (1.6.4) lib/rack/lock.rb:17:in `call'
  rack (1.6.4) lib/rack/content_length.rb:15:in `call'
  rack (1.6.4) lib/rack/handler/webrick.rb:88:in `service'
  /home/chiamaka/.rvm/rubies/ruby-2.2.3/lib/ruby/2.2.0/webrick/httpserver.rb:138:in `service'
  /home/chiamaka/.rvm/rubies/ruby-2.2.3/lib/ruby/2.2.0/webrick/httpserver.rb:94:in `run'
  /home/chiamaka/.rvm/rubies/ruby-2.2.3/lib/ruby/2.2.0/webrick/server.rb:294:in `block in start_thread'


  Rendered /home/chiamaka/.rvm/gems/ruby-2.2.3/gems/actionpack-4.2.4/lib/action_dispatch/middleware/templates/rescues/_trace.html.erb (3.0ms)
  Rendered /home/chiamaka/.rvm/gems/ruby-2.2.3/gems/actionpack-4.2.4/lib/action_dispatch/middleware/templates/routes/_route.html.erb (3.6ms)
  Rendered /home/chiamaka/.rvm/gems/ruby-2.2.3/gems/actionpack-4.2.4/lib/action_dispatch/middleware/templates/routes/_table.html.erb (2.5ms)
  Rendered /home/chiamaka/.rvm/gems/ruby-2.2.3/gems/actionpack-4.2.4/lib/action_dispatch/middleware/templates/rescues/_request_and_response.html.erb (2.4ms)
  Rendered /home/chiamaka/.rvm/gems/ruby-2.2.3/gems/actionpack-4.2.4/lib/action_dispatch/middleware/templates/rescues/routing_error.html.erb within rescues/layout (55.9ms)
  Rendered /home/chiamaka/.rvm/gems/ruby-2.2.3/gems/web-console-2.2.1/lib/web_console/templates/_markup.html.erb (0.5ms)
  Rendered /home/chiamaka/.rvm/gems/ruby-2.2.3/gems/web-console-2.2.1/lib/web_console/templates/_inner_console_markup.html.erb within layouts/inlined_string (0.7ms)
  Rendered /home/chiamaka/.rvm/gems/ruby-2.2.3/gems/web-console-2.2.1/lib/web_console/templates/_prompt_box_markup.html.erb within layouts/inlined_string (0.5ms)
  Rendered /home/chiamaka/.rvm/gems/ruby-2.2.3/gems/web-console-2.2.1/lib/web_console/templates/style.css.erb within layouts/inlined_string (0.5ms)
  Rendered /home/chiamaka/.rvm/gems/ruby-2.2.3/gems/web-console-2.2.1/lib/web_console/templates/console.js.erb within layouts/javascript (24.7ms)
  Rendered /home/chiamaka/.rvm/gems/ruby-2.2.3/gems/web-console-2.2.1/lib/web_console/templates/main.js.erb within layouts/javascript (0.5ms)
  Rendered /home/chiamaka/.rvm/gems/ruby-2.2.3/gems/web-console-2.2.1/lib/web_console/templates/error_page.js.erb within layouts/javascript (0.8ms)
  Rendered /home/chiamaka/.rvm/gems/ruby-2.2.3/gems/web-console-2.2.1/lib/web_console/templates/index.html.erb (48.6ms)


Started GET "/admins/new" for 127.0.0.1 at 2015-11-17 07:58:51 +0000
Processing by AdminsController#new as HTML
  Rendered admins/_form.html.erb (178.1ms)
  Rendered admins/new.html.erb within layouts/application (180.6ms)
Completed 200 OK in 331ms (Views: 310.2ms | ActiveRecord: 0.4ms)


Started GET "/admins" for 127.0.0.1 at 2015-11-17 07:59:10 +0000
Processing by AdminsController#index as HTML
  [1m[35mAdmin Load (0.3ms)[0m  SELECT "admins".* FROM "admins"
  Rendered admins/index.html.erb within layouts/application (5.2ms)
Completed 200 OK in 150ms (Views: 147.6ms | ActiveRecord: 0.3ms)


Started GET "/" for 127.0.0.1 at 2015-11-17 15:54:33 +0000
  [1m[36mActiveRecord::SchemaMigration Load (0.2ms)[0m  [1mSELECT "schema_migrations".* FROM "schema_migrations"[0m
Processing by TransactionsController#index as */*
  [1m[35mTransaction Load (0.3ms)[0m  SELECT "transactions".* FROM "transactions"  ORDER BY created_at DESC
Completed 200 OK in 30ms (Views: 11.4ms | ActiveRecord: 0.7ms)


Started GET "/" for 127.0.0.1 at 2015-11-17 15:54:51 +0000
Processing by TransactionsController#index as */*
  [1m[36mTransaction Load (0.4ms)[0m  [1mSELECT "transactions".* FROM "transactions"  ORDER BY created_at DESC[0m
Completed 200 OK in 3ms (Views: 1.9ms | ActiveRecord: 0.4ms)


Started GET "/" for 127.0.0.1 at 2015-11-17 15:56:32 +0000
Processing by TransactionsController#index as HTML
  [1m[35mTransaction Load (0.3ms)[0m  SELECT "transactions".* FROM "transactions"  ORDER BY created_at DESC
Completed 200 OK in 4ms (Views: 1.9ms | ActiveRecord: 0.3ms)


Started GET "/" for 127.0.0.1 at 2015-11-17 15:56:37 +0000
Processing by TransactionsController#index as */*
  [1m[36mTransaction Load (0.4ms)[0m  [1mSELECT "transactions".* FROM "transactions"  ORDER BY created_at DESC[0m
Completed 200 OK in 4ms (Views: 1.9ms | ActiveRecord: 0.4ms)


Started GET "/" for 127.0.0.1 at 2015-11-17 15:57:19 +0000
Processing by TransactionsController#index as */*
  [1m[35mTransaction Load (0.3ms)[0m  SELECT "transactions".* FROM "transactions"  ORDER BY created_at DESC
Completed 200 OK in 3ms (Views: 2.1ms | ActiveRecord: 0.3ms)


Started GET "/" for 127.0.0.1 at 2015-11-17 15:59:12 +0000
Processing by TransactionsController#index as */*
  [1m[36mTransaction Load (0.4ms)[0m  [1mSELECT "transactions".* FROM "transactions"  ORDER BY created_at DESC[0m
Completed 200 OK in 3ms (Views: 1.9ms | ActiveRecord: 0.4ms)


Started GET "/" for 127.0.0.1 at 2015-11-17 15:59:33 +0000
Processing by TransactionsController#index as */*
  [1m[35mTransaction Load (0.5ms)[0m  SELECT "transactions".* FROM "transactions"  ORDER BY created_at DESC
Completed 200 OK in 16ms (Views: 9.2ms | ActiveRecord: 0.5ms)


Started GET "/" for 127.0.0.1 at 2015-11-17 16:01:42 +0000
Processing by TransactionsController#index as */*
  [1m[36mTransaction Load (0.3ms)[0m  [1mSELECT "transactions".* FROM "transactions"  ORDER BY created_at DESC[0m
Completed 200 OK in 29ms (Views: 27.5ms | ActiveRecord: 0.3ms)


Started GET "/" for 127.0.0.1 at 2015-11-17 16:03:20 +0000
Processing by TransactionsController#index as */*
  [1m[35mTransaction Load (0.3ms)[0m  SELECT "transactions".* FROM "transactions"  ORDER BY created_at DESC
Completed 200 OK in 4ms (Views: 1.9ms | ActiveRecord: 0.3ms)


Started GET "/" for 127.0.0.1 at 2015-11-17 16:03:40 +0000
Processing by TransactionsController#index as */*
  [1m[36mTransaction Load (0.3ms)[0m  [1mSELECT "transactions".* FROM "transactions"  ORDER BY created_at DESC[0m
Completed 200 OK in 6ms (Views: 4.0ms | ActiveRecord: 0.3ms)


Started GET "/" for 127.0.0.1 at 2015-11-17 16:04:17 +0000
Processing by TransactionsController#index as */*
  [1m[35mTransaction Load (0.3ms)[0m  SELECT "transactions".* FROM "transactions"  ORDER BY created_at DESC
Completed 200 OK in 5ms (Views: 2.1ms | ActiveRecord: 0.3ms)


Started GET "/" for 127.0.0.1 at 2015-11-17 16:04:58 +0000
Processing by TransactionsController#index as */*
  [1m[36mTransaction Load (0.3ms)[0m  [1mSELECT "transactions".* FROM "transactions"  ORDER BY created_at DESC[0m
Completed 200 OK in 7ms (Views: 5.1ms | ActiveRecord: 0.3ms)


Started GET "/" for 127.0.0.1 at 2015-11-17 16:05:18 +0000
Processing by TransactionsController#index as */*
  [1m[35mTransaction Load (0.3ms)[0m  SELECT "transactions".* FROM "transactions"  ORDER BY created_at DESC
Completed 200 OK in 10ms (Views: 8.1ms | ActiveRecord: 0.3ms)


Started GET "/" for 127.0.0.1 at 2015-11-17 16:05:35 +0000
Processing by TransactionsController#index as */*
  [1m[36mTransaction Load (2.2ms)[0m  [1mSELECT "transactions".* FROM "transactions"  ORDER BY created_at DESC[0m
Completed 200 OK in 14ms (Views: 5.9ms | ActiveRecord: 2.2ms)


Started GET "/" for 127.0.0.1 at 2015-11-17 16:05:54 +0000
Processing by TransactionsController#index as */*
  [1m[35mTransaction Load (0.3ms)[0m  SELECT "transactions".* FROM "transactions"  ORDER BY created_at DESC
Completed 200 OK in 7ms (Views: 5.2ms | ActiveRecord: 0.3ms)


Started GET "/" for 127.0.0.1 at 2015-11-17 16:06:17 +0000
Processing by TransactionsController#index as */*
  [1m[36mTransaction Load (0.3ms)[0m  [1mSELECT "transactions".* FROM "transactions"  ORDER BY created_at DESC[0m
Completed 200 OK in 5ms (Views: 4.0ms | ActiveRecord: 0.3ms)


Started GET "/" for 127.0.0.1 at 2015-11-17 16:06:24 +0000
Processing by TransactionsController#index as */*
  [1m[35mTransaction Load (0.4ms)[0m  SELECT "transactions".* FROM "transactions"  ORDER BY created_at DESC
Completed 200 OK in 4ms (Views: 2.1ms | ActiveRecord: 0.4ms)


Started POST "/" for 127.0.0.1 at 2015-11-17 16:07:55 +0000

ActionController::RoutingError (No route matches [POST] "/"):
  actionpack (4.2.4) lib/action_dispatch/middleware/debug_exceptions.rb:21:in `call'
  web-console (2.2.1) lib/web_console/middleware.rb:39:in `call'
  actionpack (4.2.4) lib/action_dispatch/middleware/show_exceptions.rb:30:in `call'
  railties (4.2.4) lib/rails/rack/logger.rb:38:in `call_app'
  railties (4.2.4) lib/rails/rack/logger.rb:20:in `block in call'
  activesupport (4.2.4) lib/active_support/tagged_logging.rb:68:in `block in tagged'
  activesupport (4.2.4) lib/active_support/tagged_logging.rb:26:in `tagged'
  activesupport (4.2.4) lib/active_support/tagged_logging.rb:68:in `tagged'
  railties (4.2.4) lib/rails/rack/logger.rb:20:in `call'
  actionpack (4.2.4) lib/action_dispatch/middleware/request_id.rb:21:in `call'
  rack (1.6.4) lib/rack/methodoverride.rb:22:in `call'
  rack (1.6.4) lib/rack/runtime.rb:18:in `call'
  activesupport (4.2.4) lib/active_support/cache/strategy/local_cache_middleware.rb:28:in `call'
  rack (1.6.4) lib/rack/lock.rb:17:in `call'
  actionpack (4.2.4) lib/action_dispatch/middleware/static.rb:116:in `call'
  rack (1.6.4) lib/rack/sendfile.rb:113:in `call'
  rack-cors (0.4.0) lib/rack/cors.rb:80:in `call'
  railties (4.2.4) lib/rails/engine.rb:518:in `call'
  railties (4.2.4) lib/rails/application.rb:165:in `call'
  rack (1.6.4) lib/rack/lock.rb:17:in `call'
  rack (1.6.4) lib/rack/content_length.rb:15:in `call'
  rack (1.6.4) lib/rack/handler/webrick.rb:88:in `service'
  /home/chiamaka/.rvm/rubies/ruby-2.2.3/lib/ruby/2.2.0/webrick/httpserver.rb:138:in `service'
  /home/chiamaka/.rvm/rubies/ruby-2.2.3/lib/ruby/2.2.0/webrick/httpserver.rb:94:in `run'
  /home/chiamaka/.rvm/rubies/ruby-2.2.3/lib/ruby/2.2.0/webrick/server.rb:294:in `block in start_thread'


  Rendered /home/chiamaka/.rvm/gems/ruby-2.2.3/gems/actionpack-4.2.4/lib/action_dispatch/middleware/templates/rescues/_trace.html.erb (2.3ms)
  Rendered /home/chiamaka/.rvm/gems/ruby-2.2.3/gems/actionpack-4.2.4/lib/action_dispatch/middleware/templates/routes/_route.html.erb (3.4ms)
  Rendered /home/chiamaka/.rvm/gems/ruby-2.2.3/gems/actionpack-4.2.4/lib/action_dispatch/middleware/templates/routes/_table.html.erb (20.9ms)
  Rendered /home/chiamaka/.rvm/gems/ruby-2.2.3/gems/actionpack-4.2.4/lib/action_dispatch/middleware/templates/rescues/_request_and_response.html.erb (1.9ms)
  Rendered /home/chiamaka/.rvm/gems/ruby-2.2.3/gems/actionpack-4.2.4/lib/action_dispatch/middleware/templates/rescues/routing_error.html.erb within rescues/layout (80.0ms)
Cannot render console with content type multipart/form-dataAllowed content types: [#<Mime::Type:0x0000000302da48 @synonyms=["application/xhtml+xml"], @symbol=:html, @string="text/html">, #<Mime::Type:0x0000000302d778 @synonyms=[], @symbol=:text, @string="text/plain">, #<Mime::Type:0x00000003012130 @synonyms=[], @symbol=:url_encoded_form, @string="application/x-www-form-urlencoded">]


Started GET "/" for 127.0.0.1 at 2015-11-17 16:09:13 +0000
Processing by TransactionsController#index as */*
  [1m[36mTransaction Load (0.3ms)[0m  [1mSELECT "transactions".* FROM "transactions"  ORDER BY created_at DESC[0m
Completed 200 OK in 4ms (Views: 2.1ms | ActiveRecord: 0.3ms)


Started GET "/" for 127.0.0.1 at 2015-11-17 16:09:28 +0000
Processing by TransactionsController#index as */*
  [1m[35mTransaction Load (0.3ms)[0m  SELECT "transactions".* FROM "transactions"  ORDER BY created_at DESC
Completed 200 OK in 18ms (Views: 9.1ms | ActiveRecord: 0.3ms)


Started GET "/" for 127.0.0.1 at 2015-11-17 16:10:47 +0000
Processing by TransactionsController#index as */*
  [1m[36mTransaction Load (0.3ms)[0m  [1mSELECT "transactions".* FROM "transactions"  ORDER BY created_at DESC[0m
Completed 200 OK in 20ms (Views: 13.6ms | ActiveRecord: 0.3ms)


Started GET "/" for 127.0.0.1 at 2015-11-17 16:12:27 +0000
Processing by TransactionsController#index as */*
  [1m[35mTransaction Load (0.3ms)[0m  SELECT "transactions".* FROM "transactions"  ORDER BY created_at DESC
Completed 200 OK in 6ms (Views: 4.6ms | ActiveRecord: 0.3ms)


Started GET "/" for 127.0.0.1 at 2015-11-17 16:13:08 +0000
Processing by TransactionsController#index as */*
  [1m[36mTransaction Load (0.7ms)[0m  [1mSELECT "transactions".* FROM "transactions"  ORDER BY created_at DESC[0m
Completed 200 OK in 4ms (Views: 2.0ms | ActiveRecord: 0.7ms)


Started GET "/" for 127.0.0.1 at 2015-11-17 16:46:39 +0000
Processing by TransactionsController#index as */*
  [1m[35mTransaction Load (0.3ms)[0m  SELECT "transactions".* FROM "transactions"  ORDER BY created_at DESC
Completed 200 OK in 3ms (Views: 1.9ms | ActiveRecord: 0.3ms)


Started GET "/" for 127.0.0.1 at 2015-11-17 16:47:42 +0000
Processing by TransactionsController#index as */*
  [1m[36mTransaction Load (0.3ms)[0m  [1mSELECT "transactions".* FROM "transactions"  ORDER BY created_at DESC[0m
Completed 200 OK in 3ms (Views: 1.9ms | ActiveRecord: 0.3ms)


Started GET "/" for 127.0.0.1 at 2015-11-17 17:47:34 +0000
Processing by TransactionsController#index as HTML
  [1m[35mTransaction Load (0.3ms)[0m  SELECT "transactions".* FROM "transactions"  ORDER BY created_at DESC
Completed 200 OK in 8ms (Views: 6.4ms | ActiveRecord: 0.3ms)


Started GET "/" for 127.0.0.1 at 2015-11-17 17:49:41 +0000
Processing by TransactionsController#index as HTML
  [1m[36mTransaction Load (0.3ms)[0m  [1mSELECT "transactions".* FROM "transactions"  ORDER BY created_at DESC[0m
Completed 200 OK in 3ms (Views: 1.9ms | ActiveRecord: 0.3ms)


Started GET "/" for 127.0.0.1 at 2015-11-17 17:50:17 +0000
Processing by TransactionsController#index as HTML
  [1m[35mTransaction Load (0.3ms)[0m  SELECT "transactions".* FROM "transactions"  ORDER BY created_at DESC
Completed 200 OK in 14ms (Views: 12.6ms | ActiveRecord: 0.3ms)


Started GET "/" for 127.0.0.1 at 2015-11-17 17:51:43 +0000
Processing by TransactionsController#index as HTML
  [1m[36mTransaction Load (0.4ms)[0m  [1mSELECT "transactions".* FROM "transactions"  ORDER BY created_at DESC[0m
Completed 200 OK in 4ms (Views: 2.4ms | ActiveRecord: 0.4ms)


Started GET "/" for 127.0.0.1 at 2015-11-17 17:53:35 +0000
Processing by TransactionsController#index as HTML
  [1m[35mTransaction Load (0.3ms)[0m  SELECT "transactions".* FROM "transactions"  ORDER BY created_at DESC
Completed 200 OK in 3ms (Views: 1.7ms | ActiveRecord: 0.3ms)
